This is pdfTeX, Version 3.14159265-2.6-1.40.17 (MiKTeX 2.9) (preloaded format=pdflatex 2016.10.19)  11 NOV 2016 11:42
entering extended mode
**./main.tex
(main.tex
LaTeX2e <2016/03/31>
Babel <3.9r> and hyphenation patterns for 75 language(s) loaded.
(E:\Downloads\latexmk\miktex\texmfs\install\tex\latex\base\article.cls
Document Class: article 2014/09/29 v1.4h Standard LaTeX document class
(E:\Downloads\latexmk\miktex\texmfs\install\tex\latex\base\size12.clo
File: size12.clo 2014/09/29 v1.4h Standard LaTeX file (size option)
)
\c@part=\count79
\c@section=\count80
\c@subsection=\count81
\c@subsubsection=\count82
\c@paragraph=\count83
\c@subparagraph=\count84
\c@figure=\count85
\c@table=\count86
\abovecaptionskip=\skip41
\belowcaptionskip=\skip42
\bibindent=\dimen102
)
(E:\Downloads\latexmk\miktex\texmfs\install\tex\latex\subfiles\subfiles.sty
Package: subfiles 2012/05/23 Federico Garcia

(E:\Downloads\latexmk\miktex\texmfs\install\tex\latex\tools\verbatim.sty
Package: verbatim 2014/10/28 v1.5q LaTeX2e package for verbatim enhancements
\every@verbatim=\toks14
\verbatim@line=\toks15
\verbatim@in@stream=\read1
))
(E:\Downloads\latexmk\miktex\texmfs\install\tex\latex\tocbibind\tocbibind.sty
Package: tocbibind 2010/10/13 v1.5k extra ToC listings
Package tocbibind Info: The document has section divisions on input line 50.


Package tocbibind Note: Using section or other style headings.

) (E:\Downloads\latexmk\miktex\texmfs\install\tex\latex\natbib\bibentry.sty
Package: bibentry 2007/10/30 1.5 (PWD)
)
(E:\Downloads\latexmk\miktex\texmfs\install\tex\latex\hyperref\hyperref.sty
Package: hyperref 2016/05/05 v6.83n Hypertext links for LaTeX

(E:\Downloads\latexmk\miktex\texmfs\install\tex\generic\oberdiek\hobsub-hyperre
f.sty
Package: hobsub-hyperref 2016/05/16 v1.14 Bundle oberdiek, subset hyperref (HO)


(E:\Downloads\latexmk\miktex\texmfs\install\tex\generic\oberdiek\hobsub-generic
.sty
Package: hobsub-generic 2016/05/16 v1.14 Bundle oberdiek, subset generic (HO)
Package: hobsub 2016/05/16 v1.14 Construct package bundles (HO)
Package: infwarerr 2016/05/16 v1.4 Providing info/warning/error messages (HO)
Package: ltxcmds 2016/05/16 v1.23 LaTeX kernel commands for general use (HO)
Package: ifluatex 2016/05/16 v1.4 Provides the ifluatex switch (HO)
Package ifluatex Info: LuaTeX not detected.
Package: ifvtex 2016/05/16 v1.6 Detect VTeX and its facilities (HO)
Package ifvtex Info: VTeX not detected.
Package: intcalc 2016/05/16 v1.2 Expandable calculations with integers (HO)
Package: ifpdf 2016/05/14 v3.1 Provides the ifpdf switch
Package: etexcmds 2016/05/16 v1.6 Avoid name clashes with e-TeX commands (HO)
Package etexcmds Info: Could not find \expanded.
(etexcmds)             That can mean that you are not using pdfTeX 1.50 or
(etexcmds)             that some package has redefined \expanded.
(etexcmds)             In the latter case, load this package earlier.
Package: kvsetkeys 2016/05/16 v1.17 Key value parser (HO)
Package: kvdefinekeys 2016/05/16 v1.4 Define keys (HO)
Package: pdftexcmds 2016/05/10 v0.21 Utility functions of pdfTeX for LuaTeX (HO
)
Package pdftexcmds Info: LuaTeX not detected.
Package pdftexcmds Info: \pdf@primitive is available.
Package pdftexcmds Info: \pdf@ifprimitive is available.
Package pdftexcmds Info: \pdfdraftmode found.
Package: pdfescape 2016/05/16 v1.14 Implements pdfTeX's escape features (HO)
Package: bigintcalc 2016/05/16 v1.4 Expandable calculations on big integers (HO
)
Package: bitset 2016/05/16 v1.2 Handle bit-vector datatype (HO)
Package: uniquecounter 2016/05/16 v1.3 Provide unlimited unique counter (HO)
)
Package hobsub Info: Skipping package `hobsub' (already loaded).
Package: letltxmacro 2016/05/16 v1.5 Let assignment for LaTeX macros (HO)
Package: hopatch 2016/05/16 v1.3 Wrapper for package hooks (HO)
Package: xcolor-patch 2016/05/16 xcolor patch
Package: atveryend 2016/05/16 v1.9 Hooks at the very end of document (HO)
Package atveryend Info: \enddocument detected (standard20110627).
Package: atbegshi 2016/05/16 v1.17 At begin shipout hook (HO)
Package: refcount 2016/05/16 v3.5 Data extraction from label references (HO)
Package: hycolor 2016/05/16 v1.8 Color options for hyperref/bookmark (HO)
)
(E:\Downloads\latexmk\miktex\texmfs\install\tex\latex\graphics\keyval.sty
Package: keyval 2014/10/28 v1.15 key=value parser (DPC)
\KV@toks@=\toks16
)
(E:\Downloads\latexmk\miktex\texmfs\install\tex\generic\ifxetex\ifxetex.sty
Package: ifxetex 2010/09/12 v0.6 Provides ifxetex conditional
)
(E:\Downloads\latexmk\miktex\texmfs\install\tex\latex\oberdiek\auxhook.sty
Package: auxhook 2016/05/16 v1.4 Hooks for auxiliary files (HO)
)
(E:\Downloads\latexmk\miktex\texmfs\install\tex\latex\oberdiek\kvoptions.sty
Package: kvoptions 2016/05/16 v3.12 Key value format for package options (HO)
)
\@linkdim=\dimen103
\Hy@linkcounter=\count87
\Hy@pagecounter=\count88

(E:\Downloads\latexmk\miktex\texmfs\install\tex\latex\hyperref\pd1enc.def
File: pd1enc.def 2016/05/05 v6.83n Hyperref: PDFDocEncoding definition (HO)
)
\Hy@SavedSpaceFactor=\count89

(E:\Downloads\latexmk\miktex\texmfs\install\tex\latex\00miktex\hyperref.cfg
File: hyperref.cfg 2002/06/06 v1.2 hyperref configuration of TeXLive
)
Package hyperref Info: Hyper figures OFF on input line 4446.
Package hyperref Info: Link nesting OFF on input line 4451.
Package hyperref Info: Hyper index ON on input line 4454.
Package hyperref Info: Plain pages OFF on input line 4461.
Package hyperref Info: Backreferencing OFF on input line 4466.
Package hyperref Info: Implicit mode ON; LaTeX internals redefined.
Package hyperref Info: Bookmarks ON on input line 4691.
\c@Hy@tempcnt=\count90

(E:\Downloads\latexmk\miktex\texmfs\install\tex\latex\url\url.sty
\Urlmuskip=\muskip10
Package: url 2013/09/16  ver 3.4  Verb mode for urls, etc.
)
LaTeX Info: Redefining \url on input line 5044.
\XeTeXLinkMargin=\dimen104
\Fld@menulength=\count91
\Field@Width=\dimen105
\Fld@charsize=\dimen106
Package hyperref Info: Hyper figures OFF on input line 6298.
Package hyperref Info: Link nesting OFF on input line 6303.
Package hyperref Info: Hyper index ON on input line 6306.
Package hyperref Info: backreferencing OFF on input line 6313.
Package hyperref Info: Link coloring OFF on input line 6318.
Package hyperref Info: Link coloring with OCG OFF on input line 6323.
Package hyperref Info: PDF/A mode OFF on input line 6328.
LaTeX Info: Redefining \ref on input line 6368.
LaTeX Info: Redefining \pageref on input line 6372.
\Hy@abspage=\count92
\c@Item=\count93
\c@Hfootnote=\count94
)

Package hyperref Message: Driver (autodetected): hpdftex.

(E:\Downloads\latexmk\miktex\texmfs\install\tex\latex\hyperref\hpdftex.def
File: hpdftex.def 2016/05/05 v6.83n Hyperref driver for pdfTeX
\Fld@listcount=\count95
\c@bookmark@seq@number=\count96

(E:\Downloads\latexmk\miktex\texmfs\install\tex\latex\oberdiek\rerunfilecheck.s
ty
Package: rerunfilecheck 2016/05/16 v1.8 Rerun checks for auxiliary files (HO)
Package uniquecounter Info: New unique counter `rerunfilecheck' on input line 2
82.
)
\Hy@SectionHShift=\skip43
)
(E:\Downloads\latexmk\miktex\texmfs\install\tex\latex\etoolbox\etoolbox.sty
Package: etoolbox 2015/08/02 v2.2a e-TeX tools for LaTeX (JAW)
\etb@tempcnta=\count97
)
(E:\Downloads\latexmk\miktex\texmfs\install\tex\latex\graphics\graphicx.sty
Package: graphicx 2014/10/28 v1.0g Enhanced LaTeX Graphics (DPC,SPQR)

(E:\Downloads\latexmk\miktex\texmfs\install\tex\latex\graphics\graphics.sty
Package: graphics 2016/05/09 v1.0r Standard LaTeX Graphics (DPC,SPQR)

(E:\Downloads\latexmk\miktex\texmfs\install\tex\latex\graphics\trig.sty
Package: trig 2016/01/03 v1.10 sin cos tan (DPC)
)
(E:\Downloads\latexmk\miktex\texmfs\install\tex\latex\00miktex\graphics.cfg
File: graphics.cfg 2016/01/02 v1.10 sample graphics configuration
)
Package graphics Info: Driver file: pdftex.def on input line 96.

(E:\Downloads\latexmk\miktex\texmfs\install\tex\latex\pdftex-def\pdftex.def
File: pdftex.def 2011/05/27 v0.06d Graphics/color for pdfTeX
\Gread@gobject=\count98
))
\Gin@req@height=\dimen107
\Gin@req@width=\dimen108
)
(E:\Downloads\latexmk\miktex\texmfs\install\tex\latex\tools\array.sty
Package: array 2014/10/28 v2.4c Tabular extension package (FMi)
\col@sep=\dimen109
\extrarowheight=\dimen110
\NC@list=\toks17
\extratabsurround=\skip44
\backup@length=\skip45
)
(E:\Downloads\latexmk\miktex\texmfs\install\tex\latex\float\float.sty
Package: float 2001/11/08 v1.3d Float enhancements (AL)
\c@float@type=\count99
\float@exts=\toks18
\float@box=\box26
\@float@everytoks=\toks19
\@floatcapt=\box27
)
(E:\Downloads\latexmk\miktex\texmfs\install\tex\latex\pdfpages\pdfpages.sty
Package: pdfpages 2016/04/19 v0.5f Insert pages of external PDF documents (AM)

(E:\Downloads\latexmk\miktex\texmfs\install\tex\latex\base\ifthen.sty
Package: ifthen 2014/09/29 v1.1c Standard LaTeX ifthen package (DPC)
)
(E:\Downloads\latexmk\miktex\texmfs\install\tex\latex\tools\calc.sty
Package: calc 2014/10/28 v4.3 Infix arithmetic (KKT,FJ)
\calc@Acount=\count100
\calc@Bcount=\count101
\calc@Adimen=\dimen111
\calc@Bdimen=\dimen112
\calc@Askip=\skip46
\calc@Bskip=\skip47
LaTeX Info: Redefining \setlength on input line 80.
LaTeX Info: Redefining \addtolength on input line 81.
\calc@Ccount=\count102
\calc@Cskip=\skip48
)
(E:\Downloads\latexmk\miktex\texmfs\install\tex\latex\eso-pic\eso-pic.sty
Package: eso-pic 2015/07/21 v2.0g eso-pic (RN)

(E:\Downloads\latexmk\miktex\texmfs\install\tex\latex\xcolor\xcolor.sty
Package: xcolor 2016/05/11 v2.12 LaTeX color extensions (UK)

(E:\Downloads\latexmk\miktex\texmfs\install\tex\latex\00miktex\color.cfg
File: color.cfg 2016/01/02 v1.6 sample color configuration
)
Package xcolor Info: Driver file: pdftex.def on input line 225.
Package xcolor Info: Model `cmy' substituted by `cmy0' on input line 1348.
Package xcolor Info: Model `hsb' substituted by `rgb' on input line 1352.
Package xcolor Info: Model `RGB' extended on input line 1364.
Package xcolor Info: Model `HTML' substituted by `rgb' on input line 1366.
Package xcolor Info: Model `Hsb' substituted by `hsb' on input line 1367.
Package xcolor Info: Model `tHsb' substituted by `hsb' on input line 1368.
Package xcolor Info: Model `HSB' substituted by `hsb' on input line 1369.
Package xcolor Info: Model `Gray' substituted by `gray' on input line 1370.
Package xcolor Info: Model `wave' substituted by `hsb' on input line 1371.
))
\AM@pagewidth=\dimen113
\AM@pageheight=\dimen114

(E:\Downloads\latexmk\miktex\texmfs\install\tex\latex\pdfpages\pppdftex.def
File: pppdftex.def 2016/04/19 v0.5f Pdfpages driver for pdfTeX (AM)
)
\AM@pagebox=\box28
\AM@global@opts=\toks20
\AM@toc@title=\toks21
\c@AM@survey=\count103
\AM@templatesizebox=\box29
)
(E:\Downloads\latexmk\miktex\texmfs\install\tex\latex\caption\caption.sty
Package: caption 2016/02/21 v3.3-144 Customizing captions (AR)

(E:\Downloads\latexmk\miktex\texmfs\install\tex\latex\caption\caption3.sty
Package: caption3 2016/05/22 v1.7-166 caption3 kernel (AR)
Package caption3 Info: TeX engine: e-TeX on input line 67.
\captionmargin=\dimen115
\captionmargin@=\dimen116
\captionwidth=\dimen117
\caption@tempdima=\dimen118
\caption@indent=\dimen119
\caption@parindent=\dimen120
\caption@hangindent=\dimen121
)
\c@ContinuedFloat=\count104
Package caption Info: float package is loaded.
Package caption Info: hyperref package is loaded.
)
(E:\Downloads\latexmk\miktex\texmfs\install\tex\latex\amsmath\amsmath.sty
Package: amsmath 2016/03/10 v2.15b AMS math features
\@mathmargin=\skip49

For additional information on amsmath, use the `?' option.
(E:\Downloads\latexmk\miktex\texmfs\install\tex\latex\amsmath\amstext.sty
Package: amstext 2000/06/29 v2.01 AMS text

(E:\Downloads\latexmk\miktex\texmfs\install\tex\latex\amsmath\amsgen.sty
File: amsgen.sty 1999/11/30 v2.0 generic functions
\@emptytoks=\toks22
\ex@=\dimen122
))
(E:\Downloads\latexmk\miktex\texmfs\install\tex\latex\amsmath\amsbsy.sty
Package: amsbsy 1999/11/29 v1.2d Bold Symbols
\pmbraise@=\dimen123
)
(E:\Downloads\latexmk\miktex\texmfs\install\tex\latex\amsmath\amsopn.sty
Package: amsopn 2016/03/08 v2.02 operator names
)
\inf@bad=\count105
LaTeX Info: Redefining \frac on input line 199.
\uproot@=\count106
\leftroot@=\count107
LaTeX Info: Redefining \overline on input line 297.
\classnum@=\count108
\DOTSCASE@=\count109
LaTeX Info: Redefining \ldots on input line 394.
LaTeX Info: Redefining \dots on input line 397.
LaTeX Info: Redefining \cdots on input line 518.
\Mathstrutbox@=\box30
\strutbox@=\box31
\big@size=\dimen124
LaTeX Font Info:    Redeclaring font encoding OML on input line 634.
LaTeX Font Info:    Redeclaring font encoding OMS on input line 635.
\macc@depth=\count110
\c@MaxMatrixCols=\count111
\dotsspace@=\muskip11
\c@parentequation=\count112
\dspbrk@lvl=\count113
\tag@help=\toks23
\row@=\count114
\column@=\count115
\maxfields@=\count116
\andhelp@=\toks24
\eqnshift@=\dimen125
\alignsep@=\dimen126
\tagshift@=\dimen127
\tagwidth@=\dimen128
\totwidth@=\dimen129
\lineht@=\dimen130
\@envbody=\toks25
\multlinegap=\skip50
\multlinetaggap=\skip51
\mathdisplay@stack=\toks26
LaTeX Info: Redefining \[ on input line 2739.
LaTeX Info: Redefining \] on input line 2740.
)
(E:\Downloads\latexmk\miktex\texmfs\install\tex\latex\base\inputenc.sty
Package: inputenc 2015/03/17 v1.2c Input encoding file
\inpenc@prehook=\toks27
\inpenc@posthook=\toks28

(E:\Downloads\latexmk\miktex\texmfs\install\tex\latex\base\utf8.def
File: utf8.def 2016/02/28 v1.1s UTF-8 support for inputenc
Now handling font encoding OML ...
... no UTF-8 mapping file for font encoding OML
Now handling font encoding T1 ...
... processing UTF-8 mapping file for font encoding T1

(E:\Downloads\latexmk\miktex\texmfs\install\tex\latex\base\t1enc.dfu
File: t1enc.dfu 2016/02/28 v1.1s UTF-8 support for inputenc
   defining Unicode char U+00A0 (decimal 160)
   defining Unicode char U+00A1 (decimal 161)
   defining Unicode char U+00A3 (decimal 163)
   defining Unicode char U+00AB (decimal 171)
   defining Unicode char U+00AD (decimal 173)
   defining Unicode char U+00BB (decimal 187)
   defining Unicode char U+00BF (decimal 191)
   defining Unicode char U+00C0 (decimal 192)
   defining Unicode char U+00C1 (decimal 193)
   defining Unicode char U+00C2 (decimal 194)
   defining Unicode char U+00C3 (decimal 195)
   defining Unicode char U+00C4 (decimal 196)
   defining Unicode char U+00C5 (decimal 197)
   defining Unicode char U+00C6 (decimal 198)
   defining Unicode char U+00C7 (decimal 199)
   defining Unicode char U+00C8 (decimal 200)
   defining Unicode char U+00C9 (decimal 201)
   defining Unicode char U+00CA (decimal 202)
   defining Unicode char U+00CB (decimal 203)
   defining Unicode char U+00CC (decimal 204)
   defining Unicode char U+00CD (decimal 205)
   defining Unicode char U+00CE (decimal 206)
   defining Unicode char U+00CF (decimal 207)
   defining Unicode char U+00D0 (decimal 208)
   defining Unicode char U+00D1 (decimal 209)
   defining Unicode char U+00D2 (decimal 210)
   defining Unicode char U+00D3 (decimal 211)
   defining Unicode char U+00D4 (decimal 212)
   defining Unicode char U+00D5 (decimal 213)
   defining Unicode char U+00D6 (decimal 214)
   defining Unicode char U+00D8 (decimal 216)
   defining Unicode char U+00D9 (decimal 217)
   defining Unicode char U+00DA (decimal 218)
   defining Unicode char U+00DB (decimal 219)
   defining Unicode char U+00DC (decimal 220)
   defining Unicode char U+00DD (decimal 221)
   defining Unicode char U+00DE (decimal 222)
   defining Unicode char U+00DF (decimal 223)
   defining Unicode char U+00E0 (decimal 224)
   defining Unicode char U+00E1 (decimal 225)
   defining Unicode char U+00E2 (decimal 226)
   defining Unicode char U+00E3 (decimal 227)
   defining Unicode char U+00E4 (decimal 228)
   defining Unicode char U+00E5 (decimal 229)
   defining Unicode char U+00E6 (decimal 230)
   defining Unicode char U+00E7 (decimal 231)
   defining Unicode char U+00E8 (decimal 232)
   defining Unicode char U+00E9 (decimal 233)
   defining Unicode char U+00EA (decimal 234)
   defining Unicode char U+00EB (decimal 235)
   defining Unicode char U+00EC (decimal 236)
   defining Unicode char U+00ED (decimal 237)
   defining Unicode char U+00EE (decimal 238)
   defining Unicode char U+00EF (decimal 239)
   defining Unicode char U+00F0 (decimal 240)
   defining Unicode char U+00F1 (decimal 241)
   defining Unicode char U+00F2 (decimal 242)
   defining Unicode char U+00F3 (decimal 243)
   defining Unicode char U+00F4 (decimal 244)
   defining Unicode char U+00F5 (decimal 245)
   defining Unicode char U+00F6 (decimal 246)
   defining Unicode char U+00F8 (decimal 248)
   defining Unicode char U+00F9 (decimal 249)
   defining Unicode char U+00FA (decimal 250)
   defining Unicode char U+00FB (decimal 251)
   defining Unicode char U+00FC (decimal 252)
   defining Unicode char U+00FD (decimal 253)
   defining Unicode char U+00FE (decimal 254)
   defining Unicode char U+00FF (decimal 255)
   defining Unicode char U+0100 (decimal 256)
   defining Unicode char U+0101 (decimal 257)
   defining Unicode char U+0102 (decimal 258)
   defining Unicode char U+0103 (decimal 259)
   defining Unicode char U+0104 (decimal 260)
   defining Unicode char U+0105 (decimal 261)
   defining Unicode char U+0106 (decimal 262)
   defining Unicode char U+0107 (decimal 263)
   defining Unicode char U+0108 (decimal 264)
   defining Unicode char U+0109 (decimal 265)
   defining Unicode char U+010A (decimal 266)
   defining Unicode char U+010B (decimal 267)
   defining Unicode char U+010C (decimal 268)
   defining Unicode char U+010D (decimal 269)
   defining Unicode char U+010E (decimal 270)
   defining Unicode char U+010F (decimal 271)
   defining Unicode char U+0110 (decimal 272)
   defining Unicode char U+0111 (decimal 273)
   defining Unicode char U+0112 (decimal 274)
   defining Unicode char U+0113 (decimal 275)
   defining Unicode char U+0114 (decimal 276)
   defining Unicode char U+0115 (decimal 277)
   defining Unicode char U+0116 (decimal 278)
   defining Unicode char U+0117 (decimal 279)
   defining Unicode char U+0118 (decimal 280)
   defining Unicode char U+0119 (decimal 281)
   defining Unicode char U+011A (decimal 282)
   defining Unicode char U+011B (decimal 283)
   defining Unicode char U+011C (decimal 284)
   defining Unicode char U+011D (decimal 285)
   defining Unicode char U+011E (decimal 286)
   defining Unicode char U+011F (decimal 287)
   defining Unicode char U+0120 (decimal 288)
   defining Unicode char U+0121 (decimal 289)
   defining Unicode char U+0122 (decimal 290)
   defining Unicode char U+0123 (decimal 291)
   defining Unicode char U+0124 (decimal 292)
   defining Unicode char U+0125 (decimal 293)
   defining Unicode char U+0128 (decimal 296)
   defining Unicode char U+0129 (decimal 297)
   defining Unicode char U+012A (decimal 298)
   defining Unicode char U+012B (decimal 299)
   defining Unicode char U+012C (decimal 300)
   defining Unicode char U+012D (decimal 301)
   defining Unicode char U+012E (decimal 302)
   defining Unicode char U+012F (decimal 303)
   defining Unicode char U+0130 (decimal 304)
   defining Unicode char U+0131 (decimal 305)
   defining Unicode char U+0132 (decimal 306)
   defining Unicode char U+0133 (decimal 307)
   defining Unicode char U+0134 (decimal 308)
   defining Unicode char U+0135 (decimal 309)
   defining Unicode char U+0136 (decimal 310)
   defining Unicode char U+0137 (decimal 311)
   defining Unicode char U+0139 (decimal 313)
   defining Unicode char U+013A (decimal 314)
   defining Unicode char U+013B (decimal 315)
   defining Unicode char U+013C (decimal 316)
   defining Unicode char U+013D (decimal 317)
   defining Unicode char U+013E (decimal 318)
   defining Unicode char U+0141 (decimal 321)
   defining Unicode char U+0142 (decimal 322)
   defining Unicode char U+0143 (decimal 323)
   defining Unicode char U+0144 (decimal 324)
   defining Unicode char U+0145 (decimal 325)
   defining Unicode char U+0146 (decimal 326)
   defining Unicode char U+0147 (decimal 327)
   defining Unicode char U+0148 (decimal 328)
   defining Unicode char U+014A (decimal 330)
   defining Unicode char U+014B (decimal 331)
   defining Unicode char U+014C (decimal 332)
   defining Unicode char U+014D (decimal 333)
   defining Unicode char U+014E (decimal 334)
   defining Unicode char U+014F (decimal 335)
   defining Unicode char U+0150 (decimal 336)
   defining Unicode char U+0151 (decimal 337)
   defining Unicode char U+0152 (decimal 338)
   defining Unicode char U+0153 (decimal 339)
   defining Unicode char U+0154 (decimal 340)
   defining Unicode char U+0155 (decimal 341)
   defining Unicode char U+0156 (decimal 342)
   defining Unicode char U+0157 (decimal 343)
   defining Unicode char U+0158 (decimal 344)
   defining Unicode char U+0159 (decimal 345)
   defining Unicode char U+015A (decimal 346)
   defining Unicode char U+015B (decimal 347)
   defining Unicode char U+015C (decimal 348)
   defining Unicode char U+015D (decimal 349)
   defining Unicode char U+015E (decimal 350)
   defining Unicode char U+015F (decimal 351)
   defining Unicode char U+0160 (decimal 352)
   defining Unicode char U+0161 (decimal 353)
   defining Unicode char U+0162 (decimal 354)
   defining Unicode char U+0163 (decimal 355)
   defining Unicode char U+0164 (decimal 356)
   defining Unicode char U+0165 (decimal 357)
   defining Unicode char U+0168 (decimal 360)
   defining Unicode char U+0169 (decimal 361)
   defining Unicode char U+016A (decimal 362)
   defining Unicode char U+016B (decimal 363)
   defining Unicode char U+016C (decimal 364)
   defining Unicode char U+016D (decimal 365)
   defining Unicode char U+016E (decimal 366)
   defining Unicode char U+016F (decimal 367)
   defining Unicode char U+0170 (decimal 368)
   defining Unicode char U+0171 (decimal 369)
   defining Unicode char U+0172 (decimal 370)
   defining Unicode char U+0173 (decimal 371)
   defining Unicode char U+0174 (decimal 372)
   defining Unicode char U+0175 (decimal 373)
   defining Unicode char U+0176 (decimal 374)
   defining Unicode char U+0177 (decimal 375)
   defining Unicode char U+0178 (decimal 376)
   defining Unicode char U+0179 (decimal 377)
   defining Unicode char U+017A (decimal 378)
   defining Unicode char U+017B (decimal 379)
   defining Unicode char U+017C (decimal 380)
   defining Unicode char U+017D (decimal 381)
   defining Unicode char U+017E (decimal 382)
   defining Unicode char U+01CD (decimal 461)
   defining Unicode char U+01CE (decimal 462)
   defining Unicode char U+01CF (decimal 463)
   defining Unicode char U+01D0 (decimal 464)
   defining Unicode char U+01D1 (decimal 465)
   defining Unicode char U+01D2 (decimal 466)
   defining Unicode char U+01D3 (decimal 467)
   defining Unicode char U+01D4 (decimal 468)
   defining Unicode char U+01E2 (decimal 482)
   defining Unicode char U+01E3 (decimal 483)
   defining Unicode char U+01E6 (decimal 486)
   defining Unicode char U+01E7 (decimal 487)
   defining Unicode char U+01E8 (decimal 488)
   defining Unicode char U+01E9 (decimal 489)
   defining Unicode char U+01EA (decimal 490)
   defining Unicode char U+01EB (decimal 491)
   defining Unicode char U+01F0 (decimal 496)
   defining Unicode char U+01F4 (decimal 500)
   defining Unicode char U+01F5 (decimal 501)
   defining Unicode char U+0218 (decimal 536)
   defining Unicode char U+0219 (decimal 537)
   defining Unicode char U+021A (decimal 538)
   defining Unicode char U+021B (decimal 539)
   defining Unicode char U+1E02 (decimal 7682)
   defining Unicode char U+1E03 (decimal 7683)
   defining Unicode char U+200C (decimal 8204)
   defining Unicode char U+2010 (decimal 8208)
   defining Unicode char U+2011 (decimal 8209)
   defining Unicode char U+2012 (decimal 8210)
   defining Unicode char U+2013 (decimal 8211)
   defining Unicode char U+2014 (decimal 8212)
   defining Unicode char U+2015 (decimal 8213)
   defining Unicode char U+2018 (decimal 8216)
   defining Unicode char U+2019 (decimal 8217)
   defining Unicode char U+201A (decimal 8218)
   defining Unicode char U+201C (decimal 8220)
   defining Unicode char U+201D (decimal 8221)
   defining Unicode char U+201E (decimal 8222)
   defining Unicode char U+2030 (decimal 8240)
   defining Unicode char U+2031 (decimal 8241)
   defining Unicode char U+2039 (decimal 8249)
   defining Unicode char U+203A (decimal 8250)
   defining Unicode char U+2423 (decimal 9251)
)
Now handling font encoding OT1 ...
... processing UTF-8 mapping file for font encoding OT1

(E:\Downloads\latexmk\miktex\texmfs\install\tex\latex\base\ot1enc.dfu
File: ot1enc.dfu 2016/02/28 v1.1s UTF-8 support for inputenc
   defining Unicode char U+00A0 (decimal 160)
   defining Unicode char U+00A1 (decimal 161)
   defining Unicode char U+00A3 (decimal 163)
   defining Unicode char U+00AD (decimal 173)
   defining Unicode char U+00B8 (decimal 184)
   defining Unicode char U+00BF (decimal 191)
   defining Unicode char U+00C5 (decimal 197)
   defining Unicode char U+00C6 (decimal 198)
   defining Unicode char U+00D8 (decimal 216)
   defining Unicode char U+00DF (decimal 223)
   defining Unicode char U+00E6 (decimal 230)
   defining Unicode char U+00EC (decimal 236)
   defining Unicode char U+00ED (decimal 237)
   defining Unicode char U+00EE (decimal 238)
   defining Unicode char U+00EF (decimal 239)
   defining Unicode char U+00F8 (decimal 248)
   defining Unicode char U+0131 (decimal 305)
   defining Unicode char U+0141 (decimal 321)
   defining Unicode char U+0142 (decimal 322)
   defining Unicode char U+0152 (decimal 338)
   defining Unicode char U+0153 (decimal 339)
   defining Unicode char U+0174 (decimal 372)
   defining Unicode char U+0175 (decimal 373)
   defining Unicode char U+0176 (decimal 374)
   defining Unicode char U+0177 (decimal 375)
   defining Unicode char U+0218 (decimal 536)
   defining Unicode char U+0219 (decimal 537)
   defining Unicode char U+021A (decimal 538)
   defining Unicode char U+021B (decimal 539)
   defining Unicode char U+2013 (decimal 8211)
   defining Unicode char U+2014 (decimal 8212)
   defining Unicode char U+2018 (decimal 8216)
   defining Unicode char U+2019 (decimal 8217)
   defining Unicode char U+201C (decimal 8220)
   defining Unicode char U+201D (decimal 8221)
)
Now handling font encoding OMS ...
... processing UTF-8 mapping file for font encoding OMS

(E:\Downloads\latexmk\miktex\texmfs\install\tex\latex\base\omsenc.dfu
File: omsenc.dfu 2016/02/28 v1.1s UTF-8 support for inputenc
   defining Unicode char U+00A7 (decimal 167)
   defining Unicode char U+00B6 (decimal 182)
   defining Unicode char U+00B7 (decimal 183)
   defining Unicode char U+2020 (decimal 8224)
   defining Unicode char U+2021 (decimal 8225)
   defining Unicode char U+2022 (decimal 8226)
)
Now handling font encoding OMX ...
... no UTF-8 mapping file for font encoding OMX
Now handling font encoding U ...
... no UTF-8 mapping file for font encoding U
Now handling font encoding PD1 ...
... no UTF-8 mapping file for font encoding PD1
   defining Unicode char U+00A9 (decimal 169)
   defining Unicode char U+00AA (decimal 170)
   defining Unicode char U+00AE (decimal 174)
   defining Unicode char U+00BA (decimal 186)
   defining Unicode char U+02C6 (decimal 710)
   defining Unicode char U+02DC (decimal 732)
   defining Unicode char U+200C (decimal 8204)
   defining Unicode char U+2026 (decimal 8230)
   defining Unicode char U+2122 (decimal 8482)
   defining Unicode char U+2423 (decimal 9251)
))
(main.aux

LaTeX Warning: Label `sec:challenges-power' multiply defined.

)
\openout1 = `main.aux'.

LaTeX Font Info:    Checking defaults for OML/cmm/m/it on input line 60.
LaTeX Font Info:    ... okay on input line 60.
LaTeX Font Info:    Checking defaults for T1/cmr/m/n on input line 60.
LaTeX Font Info:    ... okay on input line 60.
LaTeX Font Info:    Checking defaults for OT1/cmr/m/n on input line 60.
LaTeX Font Info:    ... okay on input line 60.
LaTeX Font Info:    Checking defaults for OMS/cmsy/m/n on input line 60.
LaTeX Font Info:    ... okay on input line 60.
LaTeX Font Info:    Checking defaults for OMX/cmex/m/n on input line 60.
LaTeX Font Info:    ... okay on input line 60.
LaTeX Font Info:    Checking defaults for U/cmr/m/n on input line 60.
LaTeX Font Info:    ... okay on input line 60.
LaTeX Font Info:    Checking defaults for PD1/pdf/m/n on input line 60.
LaTeX Font Info:    ... okay on input line 60.
\AtBeginShipoutBox=\box32
Package hyperref Info: Link coloring OFF on input line 60.
 (E:\Downloads\latexmk\miktex\texmfs\install\tex\latex\hyperref\nameref.sty
Package: nameref 2012/10/27 v2.43 Cross-referencing by name of section

(E:\Downloads\latexmk\miktex\texmfs\install\tex\generic\oberdiek\gettitlestring
.sty
Package: gettitlestring 2016/05/16 v1.5 Cleanup title references (HO)
)
\c@section@level=\count117
)
LaTeX Info: Redefining \ref on input line 60.
LaTeX Info: Redefining \pageref on input line 60.
LaTeX Info: Redefining \nameref on input line 60.
 (main.out) (main.out)
\@outlinefile=\write3
\openout3 = `main.out'.


(E:\Downloads\latexmk\miktex\texmfs\install\tex\context\base\supp-pdf.mkii
[Loading MPS to PDF converter (version 2006.09.02).]
\scratchcounter=\count118
\scratchdimen=\dimen131
\scratchbox=\box33
\nofMPsegments=\count119
\nofMParguments=\count120
\everyMPshowfont=\toks29
\MPscratchCnt=\count121
\MPscratchDim=\dimen132
\MPnumerator=\count122
\makeMPintoPDFobject=\count123
\everyMPtoPDFconversion=\toks30
)
(E:\Downloads\latexmk\miktex\texmfs\install\tex\latex\oberdiek\epstopdf-base.st
y
Package: epstopdf-base 2016/05/15 v2.6 Base part for package epstopdf
 (E:\Downloads\latexmk\miktex\texmfs\install\tex\latex\oberdiek\grfext.sty
Package: grfext 2016/05/16 v1.2 Manage graphics extensions (HO)
)
Package grfext Info: Graphics extension search list:
(grfext)             [.png,.pdf,.jpg,.mps,.jpeg,.jbig2,.jb2,.PNG,.PDF,.JPG,.JPE
G,.JBIG2,.JB2,.eps]
(grfext)             \AppendGraphicsExtensions on input line 456.
)
(E:\Downloads\latexmk\miktex\texmfs\install\tex\latex\oberdiek\pdflscape.sty
Package: pdflscape 2016/05/14 v0.11 Display of landscape pages in PDF (HO)

(E:\Downloads\latexmk\miktex\texmfs\install\tex\latex\graphics\lscape.sty
Package: lscape 2000/10/22 v3.01 Landscape Pages (DPC)
)
Package pdflscape Info: Auto-detected driver: pdftex on input line 81.
)
Package caption Info: Begin \AtBeginDocument code.
Package caption Info: End \AtBeginDocument code.

(main.bbl) (sections/titlepage.tex
<images/qut.png, id=147, 765.6103pt x 770.88pt>
File: images/qut.png Graphic file (type png)
 <use images/qut.png>
Package pdftex.def Info: images/qut.png used on input line 6.
(pdftex.def)             Requested size: 97.5pt x 98.1712pt.
 [1

{E:/Downloads/latexmk/miktex/texmfs/data/pdftex/config/pdftex.map} <./images/qu
t.png>]) (sections/declaration.tex
Underfull \hbox (badness 10000) in paragraph at lines 6--11

 []


Underfull \hbox (badness 10000) in paragraph at lines 6--11

 []


Underfull \hbox (badness 10000) in paragraph at lines 6--11

 []

pdfTeX warning (ext4): destination with the same identifier (name{page.1}) has 
been already used, duplicate ignored
<to be read again> 
                   \relax 
l.14 \newpage
              [1]) (sections/abstract.tex [2]) (sections/acknowledgements.tex)
[3] (main.toc [4])
\tf@toc=\write4
\openout4 = `main.toc'.

 [5] (sections/introduction.tex) (sections/prior-work.tex
[6]
<images/sum-squeeze-rendering-calibrated.png, id=228, 583.42969pt x 498.36188pt
>
File: images/sum-squeeze-rendering-calibrated.png Graphic file (type png)
 <use images/sum-squeeze-rendering-calibrated.png>
Package pdftex.def Info: images/sum-squeeze-rendering-calibrated.png used on in
put line 10.
(pdftex.def)             Requested size: 331.50238pt x 283.1719pt.
 [7 <./images/sum-squeeze-rendering-calibrated.png>]
<images/rotation-evidence.jpg, id=239, 2081.7775pt x 780.9175pt>
File: images/rotation-evidence.jpg Graphic file (type jpg)

<use images/rotation-evidence.jpg>
Package pdftex.def Info: images/rotation-evidence.jpg used on input line 19.
(pdftex.def)             Requested size: 390.0pt x 146.29059pt.
 [8 <./images/rotation-evidence.jpg>]
<images/coregistration-principal-rotation.png, id=251, 564.60938pt x 341.02406p
t>
File: images/coregistration-principal-rotation.png Graphic file (type png)
 <use images/coregistration-principal-rotation.png>
Package pdftex.def Info: images/coregistration-principal-rotation.png used on i
nput line 39.
(pdftex.def)             Requested size: 312.00119pt x 188.44843pt.
 [9]
<images/coregistration-arbitrary-rotation.png, id=262, 638.385pt x 440.39531pt>
File: images/coregistration-arbitrary-rotation.png Graphic file (type png)
<use images/coregistration-arbitrary-rotation.png>
Package pdftex.def Info: images/coregistration-arbitrary-rotation.png used on i
nput line 46.
(pdftex.def)             Requested size: 312.00119pt x 215.23784pt.
)
(sections/implementation-adjustments.tex [10pdfTeX warning (ext4): destination 
with the same identifier (name{cite.dansereau2014plenoptic}) has been already u
sed, duplicate ignored

\AtBegShi@Output ...ipout \box \AtBeginShipoutBox 
                                                  \fi \fi 
l.6 
     <./images/coregistration-principal-rotation.png> <./images/coregistration-
arbitrary-rotation.png>]
<images/picam-comparison.jpg, id=270, 1005.09958pt x 498.60226pt>
File: images/picam-comparison.jpg Graphic file (type jpg)

<use images/picam-comparison.jpg>
Package pdftex.def Info: images/picam-comparison.jpg used on input line 9.
(pdftex.def)             Requested size: 390.0pt x 193.46504pt.
) (sections/procedure.tex [11 <./images/picam-comparison.jpg>] <images/overlap.
png, id=279, 575.90157pt x 517.18219pt>
File: images/overlap.png Graphic file (type png)

<use images/overlap.png>
Package pdftex.def Info: images/overlap.png used on input line 13.
(pdftex.def)             Requested size: 234.00238pt x 210.1442pt.
 [12 <./images/overlap.png>]
Overfull \hbox (8.85138pt too wide) in paragraph at lines 25--25
[]\OT1/cmr/bx/n/12 Calculating the ge-o-met-ric trans-forms be-tween ref-er-enc
e plane
 []

[13] <images/panoramas.jpg, id=299, 1399.47844pt x 544.28343pt>
File: images/panoramas.jpg Graphic file (type jpg)

<use images/panoramas.jpg>
Package pdftex.def Info: images/panoramas.jpg used on input line 33.
(pdftex.def)             Requested size: 390.0pt x 151.67578pt.
 [14 <./images/panoramas.jpg>]
<images/rectification.jpg, id=309, 1883.035pt x 725.71124pt>
File: images/rectification.jpg Graphic file (type jpg)

<use images/rectification.jpg>
Package pdftex.def Info: images/rectification.jpg used on input line 48.
(pdftex.def)             Requested size: 390.0pt x 150.2999pt.
 [15 <./images/rectification.jpg>]
<images/cropped-vs-uncropped.jpg, id=316, 2421.045pt x 909.3975pt>
File: images/cropped-vs-uncropped.jpg Graphic file (type jpg)

<use images/cropped-vs-uncropped.jpg>
Package pdftex.def Info: images/cropped-vs-uncropped.jpg used on input line 58.

(pdftex.def)             Requested size: 390.0pt x 146.49179pt.
 [16 <./images/cropped-vs-uncropped.jpg>]) (sections/results.tex
<images/calibration-pattern.jpg, id=324, 694.84593pt x 374.14781pt>
File: images/calibration-pattern.jpg Graphic file (type jpg)

<use images/calibration-pattern.jpg>
Package pdftex.def Info: images/calibration-pattern.jpg used on input line 14.
(pdftex.def)             Requested size: 390.0pt x 209.99518pt.

<images/calibration-setup.png, id=325, 612.78937pt x 459.21562pt>
File: images/calibration-setup.png Graphic file (type png)

<use images/calibration-setup.png>
Package pdftex.def Info: images/calibration-setup.png used on input line 21.
(pdftex.def)             Requested size: 331.50238pt x 248.42119pt.
 [17 <./images/calibration-pattern.jpg>]
<images/calibration-set-painting.jpg, id=332, 650.43pt x 487.8225pt>
File: images/calibration-set-painting.jpg Graphic file (type jpg)

<use images/calibration-set-painting.jpg>
Package pdftex.def Info: images/calibration-set-painting.jpg used on input line
 28.
(pdftex.def)             Requested size: 331.50238pt x 248.62987pt.
 [18 <./images/calibration-setup.png> <./images/calibration-set-painting.jpg>] 
[19] [20]
<images/uncalibrated-vs-calibrated.jpg, id=358, 1274.51157pt x 478.78876pt>
File: images/uncalibrated-vs-calibrated.jpg Graphic file (type jpg)

<use images/uncalibrated-vs-calibrated.jpg>
Package pdftex.def Info: images/uncalibrated-vs-calibrated.jpg used on input li
ne 84.
(pdftex.def)             Requested size: 390.0pt x 146.50888pt.
 [21 <./images/uncalibrated-vs-calibrated.jpg>] <images/focus-levels.jpg, id=36
6, 2547.5175pt x 752.8125pt>
File: images/focus-levels.jpg Graphic file (type jpg)

<use images/focus-levels.jpg>
Package pdftex.def Info: images/focus-levels.jpg used on input line 95.
(pdftex.def)             Requested size: 390.0pt x 115.23737pt.

<images/robustness-to-occlusion.jpg, id=369, 1915.155pt x 770.88pt>
File: images/robustness-to-occlusion.jpg Graphic file (type jpg)

<use images/robustness-to-occlusion.jpg>
Package pdftex.def Info: images/robustness-to-occlusion.jpg used on input line 
104.
(pdftex.def)             Requested size: 390.0pt x 156.97278pt.

<images/occluder-set.jpg, id=370, 1073.51062pt x 810.02625pt>
File: images/occluder-set.jpg Graphic file (type jpg)

<use images/occluder-set.jpg>
Package pdftex.def Info: images/occluder-set.jpg used on input line 111.
(pdftex.def)             Requested size: 390.0pt x 294.27898pt.
 [22 <./images/focus-levels.jpg> <./images/robustness-to-occlusion.jpg>] [23 <.
/images/occluder-set.jpg>]
<images/video-sync.jpg, id=385, 2119.92pt x 1192.455pt>
File: images/video-sync.jpg Graphic file (type jpg)

<use images/video-sync.jpg>
Package pdftex.def Info: images/video-sync.jpg used on input line 124.
(pdftex.def)             Requested size: 390.0pt x 219.36343pt.

<images/video-frames.jpg, id=387, 2204.235pt x 2667.9675pt>
File: images/video-frames.jpg Graphic file (type jpg)

<use images/video-frames.jpg>
Package pdftex.def Info: images/video-frames.jpg used on input line 133.
(pdftex.def)             Requested size: 390.0pt x 472.03075pt.
 [24 <./images/video-sync.jpg>] [25 <./images/video-frames.jpg>]) (sections/cha
llenges.tex
<images/cable-management.jpg, id=401, 985.43156pt x 656.4525pt>
File: images/cable-management.jpg Graphic file (type jpg)

<use images/cable-management.jpg>
Package pdftex.def Info: images/cable-management.jpg used on input line 12.
(pdftex.def)             Requested size: 390.0pt x 259.80173pt.
 [26 <./images/cable-management.jpg>]
<images/hardware-access.jpg, id=408, 3276.24pt x 2457.18pt>
File: images/hardware-access.jpg Graphic file (type jpg)

<use images/hardware-access.jpg>
Package pdftex.def Info: images/hardware-access.jpg used on input line 26.
(pdftex.def)             Requested size: 292.5pt x 219.37447pt.
 [27 <./images/hardware-access.jpg>]) [28]
(sections/conclusions.tex
<images/occlusion-robustness-comparison.jpg, id=419, 956.07187pt x 723.45282pt>
File: images/occlusion-robustness-comparison.jpg Graphic file (type jpg)
<use images/occlusion-robustness-comparison.jpg>
Package pdftex.def Info: images/occlusion-robustness-comparison.jpg used on inp
ut line 9.
(pdftex.def)             Requested size: 390.0pt x 295.10524pt.
 [29 <./images/occlusion-robustness-comparison.jpg>]) (sections/future-work.tex
) [30] (main.bbl) [31]
(sections/appendices.tex
<includes/FrontPlate.pdf, id=441, 1195.01462pt x 845.0471pt>
File: includes/FrontPlate.pdf Graphic file (type pdf)

<use includes/FrontPlate.pdf>
Package pdftex.def Info: includes/FrontPlate.pdf used on input line 5.
(pdftex.def)             Requested size: 1195.0117pt x 845.04504pt.
File: includes/FrontPlate.pdf Graphic file (type pdf)
 <use includes/FrontPlate.pdf>
Package pdftex.def Info: includes/FrontPlate.pdf used on input line 5.
(pdftex.def)             Requested size: 1195.0117pt x 845.04504pt.

<includes/FrontPlate.pdf, id=444, page=1, 1195.01462pt x 845.0471pt>
File: includes/FrontPlate.pdf Graphic file (type pdf)

<use includes/FrontPlate.pdf, page 1>
Package pdftex.def Info: includes/FrontPlate.pdf, page1 used on input line 5.
(pdftex.def)             Requested size: 1195.0117pt x 845.04504pt.
File: includes/FrontPlate.pdf Graphic file (type pdf)
 <use includes/FrontPlate.pdf, page 1>
Package pdftex.def Info: includes/FrontPlate.pdf, page1 used on input line 5.
(pdftex.def)             Requested size: 1195.0117pt x 845.04504pt.

[32]
File: includes/FrontPlate.pdf Graphic file (type pdf)
 <use includes/FrontPlate.pdf, page 1>
Package pdftex.def Info: includes/FrontPlate.pdf, page1 used on input line 5.
(pdftex.def)             Requested size: 1195.0117pt x 845.04504pt.
File: includes/FrontPlate.pdf Graphic file (type pdf)

<use includes/FrontPlate.pdf, page 1>
Package pdftex.def Info: includes/FrontPlate.pdf, page1 used on input line 5.
(pdftex.def)             Requested size: 1195.0117pt x 845.04504pt.
File: includes/FrontPlate.pdf Graphic file (type pdf)
 <use includes/FrontPlate.pdf, page 1>
Package pdftex.def Info: includes/FrontPlate.pdf, page1 used on input line 5.
(pdftex.def)             Requested size: 1195.0117pt x 845.04504pt.

[33 <./includes/FrontPlate.pdf>]
File: includes/BuildTransformMatrixFromCalibrationImages.m  (verbatim)
 [34] [35]
File: includes/RectifyImagesViaTransforms.m  (verbatim)
 [36]
Overfull \hbox (5.2002pt too wide) in paragraph at lines 12--12
[]\OT1/cmtt/m/n/12 % RectifyImagesViaTransforms(tforms, originalsDir, rectified
Dir)[] 
 []

[37] [38]
File: includes/CalculateRectifiedSetAccuracy.m  (verbatim)
 [39]
<includes/ProjectProposal.pdf, id=490, 597.50829pt x 845.0471pt>
File: includes/ProjectProposal.pdf Graphic file (type pdf)

<use includes/ProjectProposal.pdf>
Package pdftex.def Info: includes/ProjectProposal.pdf used on input line 18.
(pdftex.def)             Requested size: 597.50682pt x 845.04504pt.
File: includes/ProjectProposal.pdf Graphic file (type pdf)
 <use includes/ProjectProposal.pdf>
Package pdftex.def Info: includes/ProjectProposal.pdf used on input line 18.
(pdftex.def)             Requested size: 597.50682pt x 845.04504pt.

<includes/ProjectProposal.pdf, id=493, page=1, 597.50829pt x 845.0471pt>
File: includes/ProjectProposal.pdf Graphic file (type pdf)

<use includes/ProjectProposal.pdf, page 1>
Package pdftex.def Info: includes/ProjectProposal.pdf, page1 used on input line
 18.
(pdftex.def)             Requested size: 597.50682pt x 845.04504pt.
File: includes/ProjectProposal.pdf Graphic file (type pdf)

<use includes/ProjectProposal.pdf, page 1>
Package pdftex.def Info: includes/ProjectProposal.pdf, page1 used on input line
 18.
(pdftex.def)             Requested size: 597.53416pt x 845.08372pt.
 [40]
File: includes/ProjectProposal.pdf Graphic file (type pdf)

<use includes/ProjectProposal.pdf, page 1>
Package pdftex.def Info: includes/ProjectProposal.pdf, page1 used on input line
 18.
(pdftex.def)             Requested size: 597.53416pt x 845.08372pt.
File: includes/ProjectProposal.pdf Graphic file (type pdf)

<use includes/ProjectProposal.pdf, page 1>
Package pdftex.def Info: includes/ProjectProposal.pdf, page1 used on input line
 18.
(pdftex.def)             Requested size: 597.53416pt x 845.08372pt.
File: includes/ProjectProposal.pdf Graphic file (type pdf)

<use includes/ProjectProposal.pdf, page 1>
Package pdftex.def Info: includes/ProjectProposal.pdf, page1 used on input line
 18.
(pdftex.def)             Requested size: 597.53416pt x 845.08372pt.
 [41 <./includes/ProjectProposal.pdf>]
File: includes/ProjectProposal.pdf Graphic file (type pdf)
 <use includes/ProjectProposal.pdf>
Package pdftex.def Info: includes/ProjectProposal.pdf used on input line 19.
(pdftex.def)             Requested size: 597.50682pt x 845.04504pt.
File: includes/ProjectProposal.pdf Graphic file (type pdf)
 <use includes/ProjectProposal.pdf>
Package pdftex.def Info: includes/ProjectProposal.pdf used on input line 19.
(pdftex.def)             Requested size: 597.50682pt x 845.04504pt.

<includes/ProjectProposal.pdf, id=518, page=2, 597.50829pt x 845.0471pt>
File: includes/ProjectProposal.pdf Graphic file (type pdf)

<use includes/ProjectProposal.pdf, page 2>
Package pdftex.def Info: includes/ProjectProposal.pdf, page2 used on input line
 19.
(pdftex.def)             Requested size: 597.50682pt x 845.04504pt.
File: includes/ProjectProposal.pdf Graphic file (type pdf)

<use includes/ProjectProposal.pdf, page 2>
Package pdftex.def Info: includes/ProjectProposal.pdf, page2 used on input line
 19.
(pdftex.def)             Requested size: 597.53416pt x 845.08372pt.
File: includes/ProjectProposal.pdf Graphic file (type pdf)

<use includes/ProjectProposal.pdf, page 2>
Package pdftex.def Info: includes/ProjectProposal.pdf, page2 used on input line
 19.
(pdftex.def)             Requested size: 597.53416pt x 845.08372pt.
File: includes/ProjectProposal.pdf Graphic file (type pdf)

<use includes/ProjectProposal.pdf, page 2>
Package pdftex.def Info: includes/ProjectProposal.pdf, page2 used on input line
 19.
(pdftex.def)             Requested size: 597.53416pt x 845.08372pt.
File: includes/ProjectProposal.pdf Graphic file (type pdf)

<use includes/ProjectProposal.pdf, page 2>
Package pdftex.def Info: includes/ProjectProposal.pdf, page2 used on input line
 19.
(pdftex.def)             Requested size: 597.53416pt x 845.08372pt.
 [42 <./includes/ProjectProposal.pdf>] <includes/ProjectProposal.pdf, id=529, p
age=3, 597.50829pt x 845.0471pt>
File: includes/ProjectProposal.pdf Graphic file (type pdf)

<use includes/ProjectProposal.pdf, page 3>
Package pdftex.def Info: includes/ProjectProposal.pdf, page3 used on input line
 19.
(pdftex.def)             Requested size: 597.53416pt x 845.08372pt.
File: includes/ProjectProposal.pdf Graphic file (type pdf)

<use includes/ProjectProposal.pdf, page 3>
Package pdftex.def Info: includes/ProjectProposal.pdf, page3 used on input line
 19.
(pdftex.def)             Requested size: 597.53416pt x 845.08372pt.
File: includes/ProjectProposal.pdf Graphic file (type pdf)

<use includes/ProjectProposal.pdf, page 3>
Package pdftex.def Info: includes/ProjectProposal.pdf, page3 used on input line
 19.
(pdftex.def)             Requested size: 597.53416pt x 845.08372pt.
 [43 <./includes/ProjectProposal.pdf>] <includes/ProjectProposal.pdf, id=534, p
age=4, 597.50829pt x 845.0471pt>
File: includes/ProjectProposal.pdf Graphic file (type pdf)

<use includes/ProjectProposal.pdf, page 4>
Package pdftex.def Info: includes/ProjectProposal.pdf, page4 used on input line
 19.
(pdftex.def)             Requested size: 597.53416pt x 845.08372pt.
File: includes/ProjectProposal.pdf Graphic file (type pdf)

<use includes/ProjectProposal.pdf, page 4>
Package pdftex.def Info: includes/ProjectProposal.pdf, page4 used on input line
 19.
(pdftex.def)             Requested size: 597.53416pt x 845.08372pt.
File: includes/ProjectProposal.pdf Graphic file (type pdf)

<use includes/ProjectProposal.pdf, page 4>
Package pdftex.def Info: includes/ProjectProposal.pdf, page4 used on input line
 19.
(pdftex.def)             Requested size: 597.53416pt x 845.08372pt.
 [44 <./includes/ProjectProposal.pdf>] <includes/ProjectProposal.pdf, id=544, p
age=5, 597.50829pt x 845.0471pt>
File: includes/ProjectProposal.pdf Graphic file (type pdf)

<use includes/ProjectProposal.pdf, page 5>
Package pdftex.def Info: includes/ProjectProposal.pdf, page5 used on input line
 19.
(pdftex.def)             Requested size: 597.53416pt x 845.08372pt.
File: includes/ProjectProposal.pdf Graphic file (type pdf)

<use includes/ProjectProposal.pdf, page 5>
Package pdftex.def Info: includes/ProjectProposal.pdf, page5 used on input line
 19.
(pdftex.def)             Requested size: 597.53416pt x 845.08372pt.
File: includes/ProjectProposal.pdf Graphic file (type pdf)

<use includes/ProjectProposal.pdf, page 5>
Package pdftex.def Info: includes/ProjectProposal.pdf, page5 used on input line
 19.
(pdftex.def)             Requested size: 597.53416pt x 845.08372pt.
 [45 <./includes/ProjectProposal.pdf>] <includes/ProjectProposal.pdf, id=554, p
age=6, 597.50829pt x 845.0471pt>
File: includes/ProjectProposal.pdf Graphic file (type pdf)

<use includes/ProjectProposal.pdf, page 6>
Package pdftex.def Info: includes/ProjectProposal.pdf, page6 used on input line
 19.
(pdftex.def)             Requested size: 597.53416pt x 845.08372pt.
File: includes/ProjectProposal.pdf Graphic file (type pdf)

<use includes/ProjectProposal.pdf, page 6>
Package pdftex.def Info: includes/ProjectProposal.pdf, page6 used on input line
 19.
(pdftex.def)             Requested size: 597.53416pt x 845.08372pt.
File: includes/ProjectProposal.pdf Graphic file (type pdf)

<use includes/ProjectProposal.pdf, page 6>
Package pdftex.def Info: includes/ProjectProposal.pdf, page6 used on input line
 19.
(pdftex.def)             Requested size: 597.53416pt x 845.08372pt.
 [46 <./includes/ProjectProposal.pdf>] <includes/ProjectProposal.pdf, id=559, p
age=7, 597.50829pt x 845.0471pt>
File: includes/ProjectProposal.pdf Graphic file (type pdf)

<use includes/ProjectProposal.pdf, page 7>
Package pdftex.def Info: includes/ProjectProposal.pdf, page7 used on input line
 19.
(pdftex.def)             Requested size: 597.53416pt x 845.08372pt.
File: includes/ProjectProposal.pdf Graphic file (type pdf)

<use includes/ProjectProposal.pdf, page 7>
Package pdftex.def Info: includes/ProjectProposal.pdf, page7 used on input line
 19.
(pdftex.def)             Requested size: 597.53416pt x 845.08372pt.
File: includes/ProjectProposal.pdf Graphic file (type pdf)

<use includes/ProjectProposal.pdf, page 7>
Package pdftex.def Info: includes/ProjectProposal.pdf, page7 used on input line
 19.
(pdftex.def)             Requested size: 597.53416pt x 845.08372pt.
 [47 <./includes/ProjectProposal.pdf>] <includes/ProjectProposal.pdf, id=564, p
age=8, 597.50829pt x 845.0471pt>
File: includes/ProjectProposal.pdf Graphic file (type pdf)

<use includes/ProjectProposal.pdf, page 8>
Package pdftex.def Info: includes/ProjectProposal.pdf, page8 used on input line
 19.
(pdftex.def)             Requested size: 597.53416pt x 845.08372pt.
File: includes/ProjectProposal.pdf Graphic file (type pdf)

<use includes/ProjectProposal.pdf, page 8>
Package pdftex.def Info: includes/ProjectProposal.pdf, page8 used on input line
 19.
(pdftex.def)             Requested size: 597.53416pt x 845.08372pt.
File: includes/ProjectProposal.pdf Graphic file (type pdf)

<use includes/ProjectProposal.pdf, page 8>
Package pdftex.def Info: includes/ProjectProposal.pdf, page8 used on input line
 19.
(pdftex.def)             Requested size: 597.53416pt x 845.08372pt.
 [48 <./includes/ProjectProposal.pdf>] <includes/ProjectProposal.pdf, id=570, p
age=9, 597.50829pt x 845.0471pt>
File: includes/ProjectProposal.pdf Graphic file (type pdf)

<use includes/ProjectProposal.pdf, page 9>
Package pdftex.def Info: includes/ProjectProposal.pdf, page9 used on input line
 19.
(pdftex.def)             Requested size: 597.53416pt x 845.08372pt.
File: includes/ProjectProposal.pdf Graphic file (type pdf)

<use includes/ProjectProposal.pdf, page 9>
Package pdftex.def Info: includes/ProjectProposal.pdf, page9 used on input line
 19.
(pdftex.def)             Requested size: 597.53416pt x 845.08372pt.
File: includes/ProjectProposal.pdf Graphic file (type pdf)

<use includes/ProjectProposal.pdf, page 9>
Package pdftex.def Info: includes/ProjectProposal.pdf, page9 used on input line
 19.
(pdftex.def)             Requested size: 597.53416pt x 845.08372pt.
 [49 <./includes/ProjectProposal.pdf>] <includes/ProjectProposal.pdf, id=575, p
age=10, 597.50829pt x 845.0471pt>
File: includes/ProjectProposal.pdf Graphic file (type pdf)

<use includes/ProjectProposal.pdf, page 10>
Package pdftex.def Info: includes/ProjectProposal.pdf, page10 used on input lin
e 19.
(pdftex.def)             Requested size: 597.53416pt x 845.08372pt.
File: includes/ProjectProposal.pdf Graphic file (type pdf)

<use includes/ProjectProposal.pdf, page 10>
Package pdftex.def Info: includes/ProjectProposal.pdf, page10 used on input lin
e 19.
(pdftex.def)             Requested size: 597.53416pt x 845.08372pt.
File: includes/ProjectProposal.pdf Graphic file (type pdf)

<use includes/ProjectProposal.pdf, page 10>
Package pdftex.def Info: includes/ProjectProposal.pdf, page10 used on input lin
e 19.
(pdftex.def)             Requested size: 597.53416pt x 845.08372pt.
 [50 <./includes/ProjectProposal.pdf>] <includes/ProjectProposal.pdf, id=580, p
age=11, 597.50829pt x 845.0471pt>
File: includes/ProjectProposal.pdf Graphic file (type pdf)

<use includes/ProjectProposal.pdf, page 11>
Package pdftex.def Info: includes/ProjectProposal.pdf, page11 used on input lin
e 19.
(pdftex.def)             Requested size: 597.53416pt x 845.08372pt.
File: includes/ProjectProposal.pdf Graphic file (type pdf)

<use includes/ProjectProposal.pdf, page 11>
Package pdftex.def Info: includes/ProjectProposal.pdf, page11 used on input lin
e 19.
(pdftex.def)             Requested size: 597.53416pt x 845.08372pt.
File: includes/ProjectProposal.pdf Graphic file (type pdf)

<use includes/ProjectProposal.pdf, page 11>
Package pdftex.def Info: includes/ProjectProposal.pdf, page11 used on input lin
e 19.
(pdftex.def)             Requested size: 597.53416pt x 845.08372pt.
 [51 <./includes/ProjectProposal.pdf>] <includes/ProjectProposal.pdf, id=585, p
age=12, 597.50829pt x 845.0471pt>
File: includes/ProjectProposal.pdf Graphic file (type pdf)

<use includes/ProjectProposal.pdf, page 12>
Package pdftex.def Info: includes/ProjectProposal.pdf, page12 used on input lin
e 19.
(pdftex.def)             Requested size: 597.53416pt x 845.08372pt.
File: includes/ProjectProposal.pdf Graphic file (type pdf)

<use includes/ProjectProposal.pdf, page 12>
Package pdftex.def Info: includes/ProjectProposal.pdf, page12 used on input lin
e 19.
(pdftex.def)             Requested size: 597.53416pt x 845.08372pt.
File: includes/ProjectProposal.pdf Graphic file (type pdf)

<use includes/ProjectProposal.pdf, page 12>
Package pdftex.def Info: includes/ProjectProposal.pdf, page12 used on input lin
e 19.
(pdftex.def)             Requested size: 597.53416pt x 845.08372pt.
 [52 <./includes/ProjectProposal.pdf>] <includes/ProjectProposal.pdf, id=590, p
age=13, 597.50829pt x 845.0471pt>
File: includes/ProjectProposal.pdf Graphic file (type pdf)

<use includes/ProjectProposal.pdf, page 13>
Package pdftex.def Info: includes/ProjectProposal.pdf, page13 used on input lin
e 19.
(pdftex.def)             Requested size: 597.53416pt x 845.08372pt.
File: includes/ProjectProposal.pdf Graphic file (type pdf)

<use includes/ProjectProposal.pdf, page 13>
Package pdftex.def Info: includes/ProjectProposal.pdf, page13 used on input lin
e 19.
(pdftex.def)             Requested size: 597.53416pt x 845.08372pt.
File: includes/ProjectProposal.pdf Graphic file (type pdf)

<use includes/ProjectProposal.pdf, page 13>
Package pdftex.def Info: includes/ProjectProposal.pdf, page13 used on input lin
e 19.
(pdftex.def)             Requested size: 597.53416pt x 845.08372pt.
 [53 <./includes/ProjectProposal.pdf>] <includes/ProjectProposal.pdf, id=598, p
age=14, 597.50829pt x 845.0471pt>
File: includes/ProjectProposal.pdf Graphic file (type pdf)

<use includes/ProjectProposal.pdf, page 14>
Package pdftex.def Info: includes/ProjectProposal.pdf, page14 used on input lin
e 19.
(pdftex.def)             Requested size: 597.53416pt x 845.08372pt.
File: includes/ProjectProposal.pdf Graphic file (type pdf)

<use includes/ProjectProposal.pdf, page 14>
Package pdftex.def Info: includes/ProjectProposal.pdf, page14 used on input lin
e 19.
(pdftex.def)             Requested size: 597.53416pt x 845.08372pt.
File: includes/ProjectProposal.pdf Graphic file (type pdf)

<use includes/ProjectProposal.pdf, page 14>
Package pdftex.def Info: includes/ProjectProposal.pdf, page14 used on input lin
e 19.
(pdftex.def)             Requested size: 597.53416pt x 845.08372pt.
 [54 <./includes/ProjectProposal.pdf>] <includes/ProjectProposal.pdf, id=604, p
age=15, 597.50829pt x 845.0471pt>
File: includes/ProjectProposal.pdf Graphic file (type pdf)

<use includes/ProjectProposal.pdf, page 15>
Package pdftex.def Info: includes/ProjectProposal.pdf, page15 used on input lin
e 19.
(pdftex.def)             Requested size: 597.53416pt x 845.08372pt.
File: includes/ProjectProposal.pdf Graphic file (type pdf)

<use includes/ProjectProposal.pdf, page 15>
Package pdftex.def Info: includes/ProjectProposal.pdf, page15 used on input lin
e 19.
(pdftex.def)             Requested size: 597.53416pt x 845.08372pt.
File: includes/ProjectProposal.pdf Graphic file (type pdf)

<use includes/ProjectProposal.pdf, page 15>
Package pdftex.def Info: includes/ProjectProposal.pdf, page15 used on input lin
e 19.
(pdftex.def)             Requested size: 597.53416pt x 845.08372pt.
 [55 <./includes/ProjectProposal.pdf>] <includes/ProjectProposal.pdf, id=610, p
age=16, 597.50829pt x 845.0471pt>
File: includes/ProjectProposal.pdf Graphic file (type pdf)

<use includes/ProjectProposal.pdf, page 16>
Package pdftex.def Info: includes/ProjectProposal.pdf, page16 used on input lin
e 19.
(pdftex.def)             Requested size: 597.53416pt x 845.08372pt.
File: includes/ProjectProposal.pdf Graphic file (type pdf)

<use includes/ProjectProposal.pdf, page 16>
Package pdftex.def Info: includes/ProjectProposal.pdf, page16 used on input lin
e 19.
(pdftex.def)             Requested size: 597.53416pt x 845.08372pt.
File: includes/ProjectProposal.pdf Graphic file (type pdf)

<use includes/ProjectProposal.pdf, page 16>
Package pdftex.def Info: includes/ProjectProposal.pdf, page16 used on input lin
e 19.
(pdftex.def)             Requested size: 597.53416pt x 845.08372pt.
 [56 <./includes/ProjectProposal.pdf>] <includes/ProjectProposal.pdf, id=615, p
age=17, 597.50829pt x 845.0471pt>
File: includes/ProjectProposal.pdf Graphic file (type pdf)

<use includes/ProjectProposal.pdf, page 17>
Package pdftex.def Info: includes/ProjectProposal.pdf, page17 used on input lin
e 19.
(pdftex.def)             Requested size: 597.53416pt x 845.08372pt.
File: includes/ProjectProposal.pdf Graphic file (type pdf)

<use includes/ProjectProposal.pdf, page 17>
Package pdftex.def Info: includes/ProjectProposal.pdf, page17 used on input lin
e 19.
(pdftex.def)             Requested size: 597.53416pt x 845.08372pt.
File: includes/ProjectProposal.pdf Graphic file (type pdf)

<use includes/ProjectProposal.pdf, page 17>
Package pdftex.def Info: includes/ProjectProposal.pdf, page17 used on input lin
e 19.
(pdftex.def)             Requested size: 597.53416pt x 845.08372pt.
 [57 <./includes/ProjectProposal.pdf>] <includes/ProjectProposal.pdf, id=620, p
age=18, 597.50829pt x 845.0471pt>
File: includes/ProjectProposal.pdf Graphic file (type pdf)

<use includes/ProjectProposal.pdf, page 18>
Package pdftex.def Info: includes/ProjectProposal.pdf, page18 used on input lin
e 19.
(pdftex.def)             Requested size: 597.53416pt x 845.08372pt.
File: includes/ProjectProposal.pdf Graphic file (type pdf)

<use includes/ProjectProposal.pdf, page 18>
Package pdftex.def Info: includes/ProjectProposal.pdf, page18 used on input lin
e 19.
(pdftex.def)             Requested size: 597.53416pt x 845.08372pt.
File: includes/ProjectProposal.pdf Graphic file (type pdf)

<use includes/ProjectProposal.pdf, page 18>
Package pdftex.def Info: includes/ProjectProposal.pdf, page18 used on input lin
e 19.
(pdftex.def)             Requested size: 597.53416pt x 845.08372pt.
 [58 <./includes/ProjectProposal.pdf>] <includes/ProjectProposal.pdf, id=626, p
age=19, 597.50829pt x 845.0471pt>
File: includes/ProjectProposal.pdf Graphic file (type pdf)

<use includes/ProjectProposal.pdf, page 19>
Package pdftex.def Info: includes/ProjectProposal.pdf, page19 used on input lin
e 19.
(pdftex.def)             Requested size: 597.53416pt x 845.08372pt.
File: includes/ProjectProposal.pdf Graphic file (type pdf)

<use includes/ProjectProposal.pdf, page 19>
Package pdftex.def Info: includes/ProjectProposal.pdf, page19 used on input lin
e 19.
(pdftex.def)             Requested size: 597.53416pt x 845.08372pt.
File: includes/ProjectProposal.pdf Graphic file (type pdf)

<use includes/ProjectProposal.pdf, page 19>
Package pdftex.def Info: includes/ProjectProposal.pdf, page19 used on input lin
e 19.
(pdftex.def)             Requested size: 597.53416pt x 845.08372pt.
 [59 <./includes/ProjectProposal.pdf>] <includes/ProjectProposal.pdf, id=631, p
age=20, 845.0471pt x 597.50829pt>
File: includes/ProjectProposal.pdf Graphic file (type pdf)

<use includes/ProjectProposal.pdf, page 20>
Package pdftex.def Info: includes/ProjectProposal.pdf, page20 used on input lin
e 19.
(pdftex.def)             Requested size: 845.08372pt x 597.53416pt.
File: includes/ProjectProposal.pdf Graphic file (type pdf)

<use includes/ProjectProposal.pdf, page 20>
Package pdftex.def Info: includes/ProjectProposal.pdf, page20 used on input lin
e 19.
(pdftex.def)             Requested size: 845.08372pt x 597.53416pt.
File: includes/ProjectProposal.pdf Graphic file (type pdf)

<use includes/ProjectProposal.pdf, page 20>
Package pdftex.def Info: includes/ProjectProposal.pdf, page20 used on input lin
e 19.
(pdftex.def)             Requested size: 845.08372pt x 597.53416pt.
 [60 <./includes/ProjectProposal.pdf, page is rotated 90 degrees>]
<includes/ProjectProposal.pdf, id=638, page=21, 597.50829pt x 845.0471pt>
File: includes/ProjectProposal.pdf Graphic file (type pdf)

<use includes/ProjectProposal.pdf, page 21>
Package pdftex.def Info: includes/ProjectProposal.pdf, page21 used on input lin
e 19.
(pdftex.def)             Requested size: 597.53416pt x 845.08372pt.
File: includes/ProjectProposal.pdf Graphic file (type pdf)

<use includes/ProjectProposal.pdf, page 21>
Package pdftex.def Info: includes/ProjectProposal.pdf, page21 used on input lin
e 19.
(pdftex.def)             Requested size: 597.53416pt x 845.08372pt.
File: includes/ProjectProposal.pdf Graphic file (type pdf)

<use includes/ProjectProposal.pdf, page 21>
Package pdftex.def Info: includes/ProjectProposal.pdf, page21 used on input lin
e 19.
(pdftex.def)             Requested size: 597.53416pt x 845.08372pt.
 [61 <./includes/ProjectProposal.pdf>] <includes/ProjectProposal.pdf, id=648, p
age=22, 597.50829pt x 845.0471pt>
File: includes/ProjectProposal.pdf Graphic file (type pdf)

<use includes/ProjectProposal.pdf, page 22>
Package pdftex.def Info: includes/ProjectProposal.pdf, page22 used on input lin
e 19.
(pdftex.def)             Requested size: 597.53416pt x 845.08372pt.
File: includes/ProjectProposal.pdf Graphic file (type pdf)

<use includes/ProjectProposal.pdf, page 22>
Package pdftex.def Info: includes/ProjectProposal.pdf, page22 used on input lin
e 19.
(pdftex.def)             Requested size: 597.53416pt x 845.08372pt.
File: includes/ProjectProposal.pdf Graphic file (type pdf)

<use includes/ProjectProposal.pdf, page 22>
Package pdftex.def Info: includes/ProjectProposal.pdf, page22 used on input lin
e 19.
(pdftex.def)             Requested size: 597.53416pt x 845.08372pt.
 [62 <./includes/ProjectProposal.pdf>] <includes/ProjectProposal.pdf, id=653, p
age=23, 597.50829pt x 845.0471pt>
File: includes/ProjectProposal.pdf Graphic file (type pdf)

<use includes/ProjectProposal.pdf, page 23>
Package pdftex.def Info: includes/ProjectProposal.pdf, page23 used on input lin
e 19.
(pdftex.def)             Requested size: 597.53416pt x 845.08372pt.
File: includes/ProjectProposal.pdf Graphic file (type pdf)

<use includes/ProjectProposal.pdf, page 23>
Package pdftex.def Info: includes/ProjectProposal.pdf, page23 used on input lin
e 19.
(pdftex.def)             Requested size: 597.53416pt x 845.08372pt.
File: includes/ProjectProposal.pdf Graphic file (type pdf)

<use includes/ProjectProposal.pdf, page 23>
Package pdftex.def Info: includes/ProjectProposal.pdf, page23 used on input lin
e 19.
(pdftex.def)             Requested size: 597.53416pt x 845.08372pt.
 [63 <./includes/ProjectProposal.pdf>])
Package atveryend Info: Empty hook `BeforeClearDocument' on input line 91.
Package atveryend Info: Empty hook `AfterLastShipout' on input line 91.
 (main.aux)
Package atveryend Info: Executing hook `AtVeryEndDocument' on input line 91.
Package atveryend Info: Executing hook `AtEndAfterFileList' on input line 91.
Package rerunfilecheck Info: File `main.out' has not changed.
(rerunfilecheck)             Checksum: 081EB585845E2DF1B477A24B2CABBD03;2626.


LaTeX Warning: There were multiply-defined labels.

Package atveryend Info: Empty hook `AtVeryVeryEnd' on input line 91.
 ) 
Here is how much of TeX's memory you used:
 9156 strings out of 493335
 138662 string characters out of 3132833
 233855 words of memory out of 3000000
 12363 multiletter control sequences out of 15000+200000
 10942 words of font info for 39 fonts, out of 3000000 for 9000
 1141 hyphenation exceptions out of 8191
 43i,18n,47p,1262b,553s stack positions out of 5000i,500n,10000p,200000b,50000s
pdfTeX warning (dest): name{cite.torr2000mlesac} has been referenced but does
 not exist, replaced by a fixed one

pdfTeX warning (dest): name{cite.bay2006surf} has been referenced but does not 
exist, replaced by a fixed one

pdfTeX warning (dest): name{cite.Zhang2000} has been referenced but does not ex
ist, replaced by a fixed one

pdfTeX warning (dest): name{cite.Xu2014} has been referenced but does not exist
, replaced by a fixed one

<E:/Downloads/latexmk/miktex/texmfs/install/fonts/type1/public/amsfonts/cm/cmbx
10.pfb><E:/Downloads/latexmk/miktex/texmfs/install/fonts/type1/public/amsfonts/
cm/cmbx12.pfb><E:/Downloads/latexmk/miktex/texmfs/install/fonts/type1/public/am
sfonts/cm/cmcsc10.pfb><E:/Downloads/latexmk/miktex/texmfs/install/fonts/type1/p
ublic/amsfonts/cm/cmmi12.pfb><E:/Downloads/latexmk/miktex/texmfs/install/fonts/
type1/public/amsfonts/cm/cmmi8.pfb><E:/Downloads/latexmk/miktex/texmfs/install/
fonts/type1/public/amsfonts/cm/cmr10.pfb><E:/Downloads/latexmk/miktex/texmfs/in
stall/fonts/type1/public/amsfonts/cm/cmr12.pfb><E:/Downloads/latexmk/miktex/tex
mfs/install/fonts/type1/public/amsfonts/cm/cmr17.pfb><E:/Downloads/latexmk/mikt
ex/texmfs/install/fonts/type1/public/amsfonts/cm/cmsy10.pfb><E:/Downloads/latex
mk/miktex/texmfs/install/fonts/type1/public/amsfonts/cm/cmsy8.pfb><E:/Downloads
/latexmk/miktex/texmfs/install/fonts/type1/public/amsfonts/cm/cmti12.pfb><E:/Do
wnloads/latexmk/miktex/texmfs/install/fonts/type1/public/amsfonts/cm/cmtt12.pfb
>
Output written on main.pdf (64 pages, 12082029 bytes).
PDF statistics:
 722 PDF objects out of 1000 (max. 8388607)
 141 named destinations out of 1000 (max. 500000)
 559 words of extra memory for PDF output out of 10000 (max. 10000000)

